<?xml version="1.0" encoding="UTF-8"?>
<testng-results skipped="0" failed="0" total="1" passed="1">
  <reporter-output>
  </reporter-output>
  <suite name="Default suite" duration-ms="41773" started-at="2016-06-05T18:06:16Z" finished-at="2016-06-05T18:06:57Z">
    <groups>
    </groups>
    <test name="Default test" duration-ms="41773" started-at="2016-06-05T18:06:16Z" finished-at="2016-06-05T18:06:57Z">
      <class name="SeleniumMavan.MyMavanProject.DropDownSearch">
        <test-method status="PASS" signature="GoogleDropDown()[pri:0, instance:SeleniumMavan.MyMavanProject.DropDownSearch@14322d1]" name="GoogleDropDown" duration-ms="41725" started-at="2016-06-05T23:36:16Z" finished-at="2016-06-05T23:36:57Z">
          <reporter-output>
          </reporter-output>
        </test-method> <!-- GoogleDropDown -->
      </class> <!-- SeleniumMavan.MyMavanProject.DropDownSearch -->
    </test> <!-- Default test -->
  </suite> <!-- Default suite -->
</testng-results>
